{"D:\\JiaoziFS-UI\\JiaoziFS-ui-remake\\jiaozifs-ui\\src\\lib\\remark-plugins\\imageUriReplacer.ts": {"path":"D:\\JiaoziFS-UI\\JiaoziFS-ui-remake\\jiaozifs-ui\\src\\lib\\remark-plugins\\imageUriReplacer.ts","all":false,"statementMap":{"0":{"start":{"line":1,"column":0},"end":{"line":1,"column":41}},"1":{"start":{"line":2,"column":0},"end":{"line":2,"column":34}},"2":{"start":{"line":3,"column":0},"end":{"line":3,"column":34}},"3":{"start":{"line":4,"column":0},"end":{"line":4,"column":38}},"4":{"start":{"line":5,"column":0},"end":{"line":5,"column":0}},"5":{"start":{"line":6,"column":0},"end":{"line":6,"column":32}},"6":{"start":{"line":7,"column":0},"end":{"line":7,"column":15}},"7":{"start":{"line":8,"column":0},"end":{"line":8,"column":14}},"8":{"start":{"line":9,"column":0},"end":{"line":9,"column":15}},"9":{"start":{"line":10,"column":0},"end":{"line":10,"column":2}},"10":{"start":{"line":11,"column":0},"end":{"line":11,"column":0}},"11":{"start":{"line":12,"column":0},"end":{"line":12,"column":46}},"12":{"start":{"line":13,"column":0},"end":{"line":13,"column":55}},"13":{"start":{"line":14,"column":0},"end":{"line":14,"column":77}},"14":{"start":{"line":15,"column":0},"end":{"line":15,"column":47}},"15":{"start":{"line":16,"column":0},"end":{"line":16,"column":2}},"16":{"start":{"line":17,"column":0},"end":{"line":17,"column":28}},"17":{"start":{"line":18,"column":0},"end":{"line":18,"column":15}},"18":{"start":{"line":19,"column":0},"end":{"line":19,"column":14}},"19":{"start":{"line":20,"column":0},"end":{"line":20,"column":14}},"20":{"start":{"line":21,"column":0},"end":{"line":21,"column":14}},"21":{"start":{"line":22,"column":0},"end":{"line":22,"column":29}},"22":{"start":{"line":23,"column":0},"end":{"line":23,"column":52}},"23":{"start":{"line":24,"column":0},"end":{"line":24,"column":8}},"24":{"start":{"line":25,"column":0},"end":{"line":25,"column":55}},"25":{"start":{"line":26,"column":0},"end":{"line":26,"column":2}},"26":{"start":{"line":27,"column":0},"end":{"line":27,"column":0}},"27":{"start":{"line":28,"column":0},"end":{"line":28,"column":65}},"28":{"start":{"line":29,"column":0},"end":{"line":29,"column":26}},"29":{"start":{"line":30,"column":0},"end":{"line":30,"column":60}},"30":{"start":{"line":31,"column":0},"end":{"line":31,"column":43}},"31":{"start":{"line":32,"column":0},"end":{"line":32,"column":69}},"32":{"start":{"line":33,"column":0},"end":{"line":33,"column":61}},"33":{"start":{"line":34,"column":0},"end":{"line":34,"column":55}},"34":{"start":{"line":35,"column":0},"end":{"line":35,"column":78}},"35":{"start":{"line":36,"column":0},"end":{"line":36,"column":35}},"36":{"start":{"line":37,"column":0},"end":{"line":37,"column":39}},"37":{"start":{"line":38,"column":0},"end":{"line":38,"column":39}},"38":{"start":{"line":39,"column":0},"end":{"line":39,"column":9}},"39":{"start":{"line":40,"column":0},"end":{"line":40,"column":39}},"40":{"start":{"line":41,"column":0},"end":{"line":41,"column":40}},"41":{"start":{"line":42,"column":0},"end":{"line":42,"column":79}},"42":{"start":{"line":43,"column":0},"end":{"line":43,"column":13}},"43":{"start":{"line":44,"column":0},"end":{"line":44,"column":14}},"44":{"start":{"line":45,"column":0},"end":{"line":45,"column":9}},"45":{"start":{"line":46,"column":0},"end":{"line":46,"column":68}},"46":{"start":{"line":47,"column":0},"end":{"line":47,"column":7}},"47":{"start":{"line":48,"column":0},"end":{"line":48,"column":7}},"48":{"start":{"line":49,"column":0},"end":{"line":49,"column":4}},"49":{"start":{"line":50,"column":0},"end":{"line":50,"column":0}},"50":{"start":{"line":51,"column":0},"end":{"line":51,"column":32}}},"s":{"0":1,"1":1,"2":1,"3":1,"4":1,"5":1,"6":1,"7":1,"8":1,"9":1,"10":1,"11":1,"12":1,"13":10,"14":10,"15":10,"16":1,"17":10,"18":10,"19":10,"20":10,"21":10,"22":10,"23":10,"24":10,"25":10,"26":1,"27":1,"28":1,"29":5,"30":5,"31":2,"32":2,"33":5,"34":3,"35":3,"36":3,"37":1,"38":1,"39":3,"40":3,"41":1,"42":1,"43":1,"44":1,"45":3,"46":3,"47":5,"48":5,"49":1,"50":1},"branchMap":{"0":{"type":"branch","line":13,"loc":{"start":{"line":13,"column":11},"end":{"line":16,"column":2}},"locations":[{"start":{"line":13,"column":11},"end":{"line":16,"column":2}}]},"1":{"type":"branch","line":14,"loc":{"start":{"line":14,"column":44},"end":{"line":14,"column":75}},"locations":[{"start":{"line":14,"column":44},"end":{"line":14,"column":75}}]},"2":{"type":"branch","line":17,"loc":{"start":{"line":17,"column":27},"end":{"line":26,"column":2}},"locations":[{"start":{"line":17,"column":27},"end":{"line":26,"column":2}}]},"3":{"type":"branch","line":29,"loc":{"start":{"line":29,"column":2},"end":{"line":49,"column":4}},"locations":[{"start":{"line":29,"column":2},"end":{"line":49,"column":4}}]},"4":{"type":"branch","line":29,"loc":{"start":{"line":29,"column":15},"end":{"line":49,"column":4}},"locations":[{"start":{"line":29,"column":15},"end":{"line":49,"column":4}}]},"5":{"type":"branch","line":30,"loc":{"start":{"line":30,"column":25},"end":{"line":48,"column":5}},"locations":[{"start":{"line":30,"column":25},"end":{"line":48,"column":5}}]},"6":{"type":"branch","line":31,"loc":{"start":{"line":31,"column":42},"end":{"line":34,"column":17}},"locations":[{"start":{"line":31,"column":42},"end":{"line":34,"column":17}}]},"7":{"type":"branch","line":34,"loc":{"start":{"line":34,"column":6},"end":{"line":47,"column":7}},"locations":[{"start":{"line":34,"column":6},"end":{"line":47,"column":7}}]},"8":{"type":"branch","line":37,"loc":{"start":{"line":37,"column":38},"end":{"line":39,"column":9}},"locations":[{"start":{"line":37,"column":38},"end":{"line":39,"column":9}}]},"9":{"type":"branch","line":41,"loc":{"start":{"line":41,"column":39},"end":{"line":45,"column":9}},"locations":[{"start":{"line":41,"column":39},"end":{"line":45,"column":9}}]}},"b":{"0":[10],"1":[10],"2":[10],"3":[5],"4":[5],"5":[5],"6":[2],"7":[3],"8":[1],"9":[1]},"fnMap":{"0":{"name":"qs","decl":{"start":{"line":13,"column":11},"end":{"line":16,"column":2}},"loc":{"start":{"line":13,"column":11},"end":{"line":16,"column":2}},"line":13},"1":{"name":"getImageUrl","decl":{"start":{"line":17,"column":27},"end":{"line":26,"column":2}},"loc":{"start":{"line":17,"column":27},"end":{"line":26,"column":2}},"line":17},"2":{"name":"imageUriReplacer","decl":{"start":{"line":29,"column":2},"end":{"line":49,"column":4}},"loc":{"start":{"line":29,"column":2},"end":{"line":49,"column":4}},"line":29}},"f":{"0":10,"1":10,"2":5}}
}
